ERROR - 2025-07-06 03:02:36 --> 25
ERROR - 2025-07-06 03:02:36 --> clienteeee
ERROR - 2025-07-06 03:02:36 --> SELECT * FROM creditos 
                WHERE cliente_id = 25 AND estado != 'eliminado'
ERROR - 2025-07-06 03:02:41 --> 25
ERROR - 2025-07-06 03:02:41 --> clienteeee
ERROR - 2025-07-06 03:02:41 --> SELECT * FROM creditos 
                WHERE cliente_id = 25 AND estado != 'eliminado'
ERROR - 2025-07-06 03:04:40 --> 30
ERROR - 2025-07-06 03:04:40 --> clienteeee
ERROR - 2025-07-06 03:04:40 --> SELECT * FROM creditos 
                WHERE cliente_id = 30 AND estado != 'eliminado'
ERROR - 2025-07-06 03:09:01 --> 31
ERROR - 2025-07-06 03:09:01 --> clienteeee
ERROR - 2025-07-06 03:09:01 --> SELECT * FROM creditos 
                WHERE cliente_id = 31 AND estado != 'eliminado'
ERROR - 2025-07-06 03:10:44 --> Cantidad de pagos: 2
ERROR - 2025-07-06 03:10:44 --> Fecha Pago: 2025-07-21
ERROR - 2025-07-06 03:10:44 --> Monto Pago antes de conversión: 120000
ERROR - 2025-07-06 03:10:44 --> Monto Pago después de conversión: 120000
ERROR - 2025-07-06 03:10:44 --> Fecha Pago: 2025-08-05
ERROR - 2025-07-06 03:10:44 --> Monto Pago antes de conversión: 120000
ERROR - 2025-07-06 03:10:44 --> Monto Pago después de conversión: 120000
ERROR - 2025-07-06 03:12:54 --> 30
ERROR - 2025-07-06 03:12:54 --> clienteeee
ERROR - 2025-07-06 03:12:54 --> SELECT * FROM creditos 
                WHERE cliente_id = 30 AND estado != 'eliminado'
ERROR - 2025-07-06 03:13:57 --> Cantidad de pagos: 60
ERROR - 2025-07-06 03:13:57 --> Fecha Pago: 2025-07-05
ERROR - 2025-07-06 03:13:57 --> Monto Pago antes de conversión: 10000
ERROR - 2025-07-06 03:13:57 --> Monto Pago después de conversión: 10000
ERROR - 2025-07-06 03:13:57 --> Fecha Pago: 2025-07-06
ERROR - 2025-07-06 03:13:57 --> Monto Pago antes de conversión: 10000
ERROR - 2025-07-06 03:13:57 --> Monto Pago después de conversión: 10000
ERROR - 2025-07-06 03:13:57 --> Fecha Pago: 2025-07-07
ERROR - 2025-07-06 03:13:57 --> Monto Pago antes de conversión: 10000
ERROR - 2025-07-06 03:13:57 --> Monto Pago después de conversión: 10000
ERROR - 2025-07-06 03:13:57 --> Fecha Pago: 2025-07-08
ERROR - 2025-07-06 03:13:57 --> Monto Pago antes de conversión: 10000
ERROR - 2025-07-06 03:13:57 --> Monto Pago después de conversión: 10000
ERROR - 2025-07-06 03:13:57 --> Fecha Pago: 2025-07-09
ERROR - 2025-07-06 03:13:57 --> Monto Pago antes de conversión: 10000
ERROR - 2025-07-06 03:13:57 --> Monto Pago después de conversión: 10000
ERROR - 2025-07-06 03:13:57 --> Fecha Pago: 2025-07-10
ERROR - 2025-07-06 03:13:57 --> Monto Pago antes de conversión: 10000
ERROR - 2025-07-06 03:13:57 --> Monto Pago después de conversión: 10000
ERROR - 2025-07-06 03:13:57 --> Fecha Pago: 2025-07-11
ERROR - 2025-07-06 03:13:57 --> Monto Pago antes de conversión: 10000
ERROR - 2025-07-06 03:13:57 --> Monto Pago después de conversión: 10000
ERROR - 2025-07-06 03:13:57 --> Fecha Pago: 2025-07-12
ERROR - 2025-07-06 03:13:57 --> Monto Pago antes de conversión: 10000
ERROR - 2025-07-06 03:13:57 --> Monto Pago después de conversión: 10000
ERROR - 2025-07-06 03:13:57 --> Fecha Pago: 2025-07-13
ERROR - 2025-07-06 03:13:57 --> Monto Pago antes de conversión: 10000
ERROR - 2025-07-06 03:13:57 --> Monto Pago después de conversión: 10000
ERROR - 2025-07-06 03:13:57 --> Fecha Pago: 2025-07-14
ERROR - 2025-07-06 03:13:57 --> Monto Pago antes de conversión: 10000
ERROR - 2025-07-06 03:13:57 --> Monto Pago después de conversión: 10000
ERROR - 2025-07-06 03:13:57 --> Fecha Pago: 2025-07-15
ERROR - 2025-07-06 03:13:57 --> Monto Pago antes de conversión: 10000
ERROR - 2025-07-06 03:13:57 --> Monto Pago después de conversión: 10000
ERROR - 2025-07-06 03:13:57 --> Fecha Pago: 2025-07-16
ERROR - 2025-07-06 03:13:57 --> Monto Pago antes de conversión: 10000
ERROR - 2025-07-06 03:13:57 --> Monto Pago después de conversión: 10000
ERROR - 2025-07-06 03:13:57 --> Fecha Pago: 2025-07-17
ERROR - 2025-07-06 03:13:57 --> Monto Pago antes de conversión: 10000
ERROR - 2025-07-06 03:13:57 --> Monto Pago después de conversión: 10000
ERROR - 2025-07-06 03:13:57 --> Fecha Pago: 2025-07-18
ERROR - 2025-07-06 03:13:57 --> Monto Pago antes de conversión: 10000
ERROR - 2025-07-06 03:13:57 --> Monto Pago después de conversión: 10000
ERROR - 2025-07-06 03:13:57 --> Fecha Pago: 2025-07-19
ERROR - 2025-07-06 03:13:57 --> Monto Pago antes de conversión: 10000
ERROR - 2025-07-06 03:13:57 --> Monto Pago después de conversión: 10000
ERROR - 2025-07-06 03:13:57 --> Fecha Pago: 2025-07-20
ERROR - 2025-07-06 03:13:57 --> Monto Pago antes de conversión: 10000
ERROR - 2025-07-06 03:13:57 --> Monto Pago después de conversión: 10000
ERROR - 2025-07-06 03:13:57 --> Fecha Pago: 2025-07-21
ERROR - 2025-07-06 03:13:57 --> Monto Pago antes de conversión: 10000
ERROR - 2025-07-06 03:13:57 --> Monto Pago después de conversión: 10000
ERROR - 2025-07-06 03:13:57 --> Fecha Pago: 2025-07-22
ERROR - 2025-07-06 03:13:57 --> Monto Pago antes de conversión: 10000
ERROR - 2025-07-06 03:13:57 --> Monto Pago después de conversión: 10000
ERROR - 2025-07-06 03:13:57 --> Fecha Pago: 2025-07-23
ERROR - 2025-07-06 03:13:57 --> Monto Pago antes de conversión: 10000
ERROR - 2025-07-06 03:13:57 --> Monto Pago después de conversión: 10000
ERROR - 2025-07-06 03:13:57 --> Fecha Pago: 2025-07-24
ERROR - 2025-07-06 03:13:57 --> Monto Pago antes de conversión: 10000
ERROR - 2025-07-06 03:13:57 --> Monto Pago después de conversión: 10000
ERROR - 2025-07-06 03:13:57 --> Fecha Pago: 2025-07-25
ERROR - 2025-07-06 03:13:57 --> Monto Pago antes de conversión: 10000
ERROR - 2025-07-06 03:13:57 --> Monto Pago después de conversión: 10000
ERROR - 2025-07-06 03:13:57 --> Fecha Pago: 2025-07-26
ERROR - 2025-07-06 03:13:57 --> Monto Pago antes de conversión: 10000
ERROR - 2025-07-06 03:13:57 --> Monto Pago después de conversión: 10000
ERROR - 2025-07-06 03:13:57 --> Fecha Pago: 2025-07-27
ERROR - 2025-07-06 03:13:57 --> Monto Pago antes de conversión: 10000
ERROR - 2025-07-06 03:13:57 --> Monto Pago después de conversión: 10000
ERROR - 2025-07-06 03:13:57 --> Fecha Pago: 2025-07-28
ERROR - 2025-07-06 03:13:57 --> Monto Pago antes de conversión: 10000
ERROR - 2025-07-06 03:13:57 --> Monto Pago después de conversión: 10000
ERROR - 2025-07-06 03:13:57 --> Fecha Pago: 2025-07-29
ERROR - 2025-07-06 03:13:57 --> Monto Pago antes de conversión: 10000
ERROR - 2025-07-06 03:13:57 --> Monto Pago después de conversión: 10000
ERROR - 2025-07-06 03:13:57 --> Fecha Pago: 2025-07-30
ERROR - 2025-07-06 03:13:57 --> Monto Pago antes de conversión: 10000
ERROR - 2025-07-06 03:13:57 --> Monto Pago después de conversión: 10000
ERROR - 2025-07-06 03:13:57 --> Fecha Pago: 2025-07-31
ERROR - 2025-07-06 03:13:57 --> Monto Pago antes de conversión: 10000
ERROR - 2025-07-06 03:13:57 --> Monto Pago después de conversión: 10000
ERROR - 2025-07-06 03:13:57 --> Fecha Pago: 2025-08-01
ERROR - 2025-07-06 03:13:57 --> Monto Pago antes de conversión: 10000
ERROR - 2025-07-06 03:13:57 --> Monto Pago después de conversión: 10000
ERROR - 2025-07-06 03:13:57 --> Fecha Pago: 2025-08-02
ERROR - 2025-07-06 03:13:57 --> Monto Pago antes de conversión: 10000
ERROR - 2025-07-06 03:13:57 --> Monto Pago después de conversión: 10000
ERROR - 2025-07-06 03:13:57 --> Fecha Pago: 2025-08-03
ERROR - 2025-07-06 03:13:57 --> Monto Pago antes de conversión: 10000
ERROR - 2025-07-06 03:13:57 --> Monto Pago después de conversión: 10000
ERROR - 2025-07-06 03:13:57 --> Fecha Pago: 2025-08-04
ERROR - 2025-07-06 03:13:57 --> Monto Pago antes de conversión: 10000
ERROR - 2025-07-06 03:13:57 --> Monto Pago después de conversión: 10000
ERROR - 2025-07-06 03:13:57 --> Fecha Pago: 2025-08-05
ERROR - 2025-07-06 03:13:57 --> Monto Pago antes de conversión: 10000
ERROR - 2025-07-06 03:13:57 --> Monto Pago después de conversión: 10000
ERROR - 2025-07-06 03:13:57 --> Fecha Pago: 2025-08-06
ERROR - 2025-07-06 03:13:57 --> Monto Pago antes de conversión: 10000
ERROR - 2025-07-06 03:13:57 --> Monto Pago después de conversión: 10000
ERROR - 2025-07-06 03:13:57 --> Fecha Pago: 2025-08-07
ERROR - 2025-07-06 03:13:57 --> Monto Pago antes de conversión: 10000
ERROR - 2025-07-06 03:13:57 --> Monto Pago después de conversión: 10000
ERROR - 2025-07-06 03:13:57 --> Fecha Pago: 2025-08-08
ERROR - 2025-07-06 03:13:57 --> Monto Pago antes de conversión: 10000
ERROR - 2025-07-06 03:13:57 --> Monto Pago después de conversión: 10000
ERROR - 2025-07-06 03:13:57 --> Fecha Pago: 2025-08-09
ERROR - 2025-07-06 03:13:57 --> Monto Pago antes de conversión: 10000
ERROR - 2025-07-06 03:13:57 --> Monto Pago después de conversión: 10000
ERROR - 2025-07-06 03:13:57 --> Fecha Pago: 2025-08-10
ERROR - 2025-07-06 03:13:57 --> Monto Pago antes de conversión: 10000
ERROR - 2025-07-06 03:13:57 --> Monto Pago después de conversión: 10000
ERROR - 2025-07-06 03:13:57 --> Fecha Pago: 2025-08-11
ERROR - 2025-07-06 03:13:57 --> Monto Pago antes de conversión: 10000
ERROR - 2025-07-06 03:13:57 --> Monto Pago después de conversión: 10000
ERROR - 2025-07-06 03:13:57 --> Fecha Pago: 2025-08-12
ERROR - 2025-07-06 03:13:57 --> Monto Pago antes de conversión: 10000
ERROR - 2025-07-06 03:13:57 --> Monto Pago después de conversión: 10000
ERROR - 2025-07-06 03:13:57 --> Fecha Pago: 2025-08-13
ERROR - 2025-07-06 03:13:57 --> Monto Pago antes de conversión: 10000
ERROR - 2025-07-06 03:13:57 --> Monto Pago después de conversión: 10000
ERROR - 2025-07-06 03:13:57 --> Fecha Pago: 2025-08-14
ERROR - 2025-07-06 03:13:57 --> Monto Pago antes de conversión: 10000
ERROR - 2025-07-06 03:13:57 --> Monto Pago después de conversión: 10000
ERROR - 2025-07-06 03:13:57 --> Fecha Pago: 2025-08-15
ERROR - 2025-07-06 03:13:57 --> Monto Pago antes de conversión: 10000
ERROR - 2025-07-06 03:13:57 --> Monto Pago después de conversión: 10000
ERROR - 2025-07-06 03:13:57 --> Fecha Pago: 2025-08-16
ERROR - 2025-07-06 03:13:57 --> Monto Pago antes de conversión: 10000
ERROR - 2025-07-06 03:13:57 --> Monto Pago después de conversión: 10000
ERROR - 2025-07-06 03:13:57 --> Fecha Pago: 2025-08-17
ERROR - 2025-07-06 03:13:57 --> Monto Pago antes de conversión: 10000
ERROR - 2025-07-06 03:13:57 --> Monto Pago después de conversión: 10000
ERROR - 2025-07-06 03:13:57 --> Fecha Pago: 2025-08-18
ERROR - 2025-07-06 03:13:57 --> Monto Pago antes de conversión: 10000
ERROR - 2025-07-06 03:13:57 --> Monto Pago después de conversión: 10000
ERROR - 2025-07-06 03:13:57 --> Fecha Pago: 2025-08-19
ERROR - 2025-07-06 03:13:57 --> Monto Pago antes de conversión: 10000
ERROR - 2025-07-06 03:13:57 --> Monto Pago después de conversión: 10000
ERROR - 2025-07-06 03:13:57 --> Fecha Pago: 2025-08-20
ERROR - 2025-07-06 03:13:57 --> Monto Pago antes de conversión: 10000
ERROR - 2025-07-06 03:13:57 --> Monto Pago después de conversión: 10000
ERROR - 2025-07-06 03:13:57 --> Fecha Pago: 2025-08-21
ERROR - 2025-07-06 03:13:57 --> Monto Pago antes de conversión: 10000
ERROR - 2025-07-06 03:13:57 --> Monto Pago después de conversión: 10000
ERROR - 2025-07-06 03:13:57 --> Fecha Pago: 2025-08-22
ERROR - 2025-07-06 03:13:57 --> Monto Pago antes de conversión: 10000
ERROR - 2025-07-06 03:13:57 --> Monto Pago después de conversión: 10000
ERROR - 2025-07-06 03:13:57 --> Fecha Pago: 2025-08-23
ERROR - 2025-07-06 03:13:57 --> Monto Pago antes de conversión: 10000
ERROR - 2025-07-06 03:13:57 --> Monto Pago después de conversión: 10000
ERROR - 2025-07-06 03:13:57 --> Fecha Pago: 2025-08-24
ERROR - 2025-07-06 03:13:57 --> Monto Pago antes de conversión: 10000
ERROR - 2025-07-06 03:13:57 --> Monto Pago después de conversión: 10000
ERROR - 2025-07-06 03:13:57 --> Fecha Pago: 2025-08-25
ERROR - 2025-07-06 03:13:57 --> Monto Pago antes de conversión: 10000
ERROR - 2025-07-06 03:13:57 --> Monto Pago después de conversión: 10000
ERROR - 2025-07-06 03:13:57 --> Fecha Pago: 2025-08-26
ERROR - 2025-07-06 03:13:57 --> Monto Pago antes de conversión: 10000
ERROR - 2025-07-06 03:13:57 --> Monto Pago después de conversión: 10000
ERROR - 2025-07-06 03:13:57 --> Fecha Pago: 2025-08-27
ERROR - 2025-07-06 03:13:57 --> Monto Pago antes de conversión: 10000
ERROR - 2025-07-06 03:13:57 --> Monto Pago después de conversión: 10000
ERROR - 2025-07-06 03:13:57 --> Fecha Pago: 2025-08-28
ERROR - 2025-07-06 03:13:57 --> Monto Pago antes de conversión: 10000
ERROR - 2025-07-06 03:13:57 --> Monto Pago después de conversión: 10000
ERROR - 2025-07-06 03:13:57 --> Fecha Pago: 2025-08-29
ERROR - 2025-07-06 03:13:57 --> Monto Pago antes de conversión: 10000
ERROR - 2025-07-06 03:13:57 --> Monto Pago después de conversión: 10000
ERROR - 2025-07-06 03:13:57 --> Fecha Pago: 2025-08-30
ERROR - 2025-07-06 03:13:57 --> Monto Pago antes de conversión: 10000
ERROR - 2025-07-06 03:13:57 --> Monto Pago después de conversión: 10000
ERROR - 2025-07-06 03:13:57 --> Fecha Pago: 2025-08-31
ERROR - 2025-07-06 03:13:57 --> Monto Pago antes de conversión: 10000
ERROR - 2025-07-06 03:13:57 --> Monto Pago después de conversión: 10000
ERROR - 2025-07-06 03:13:57 --> Fecha Pago: 2025-09-01
ERROR - 2025-07-06 03:13:57 --> Monto Pago antes de conversión: 10000
ERROR - 2025-07-06 03:13:57 --> Monto Pago después de conversión: 10000
ERROR - 2025-07-06 03:13:57 --> Fecha Pago: 2025-09-02
ERROR - 2025-07-06 03:13:57 --> Monto Pago antes de conversión: 60000
ERROR - 2025-07-06 03:13:57 --> Monto Pago después de conversión: 60000
ERROR - 2025-07-06 03:21:36 --> 30
ERROR - 2025-07-06 03:21:36 --> clienteeee
ERROR - 2025-07-06 03:21:36 --> SELECT * FROM creditos 
                WHERE cliente_id = 30 AND estado != 'eliminado'
ERROR - 2025-07-06 03:21:39 --> SELECT * FROM transacciones 
                WHERE id_credito = "52"
ERROR - 2025-07-06 03:21:55 --> SELECT * FROM transacciones 
                WHERE id_credito = "52"
ERROR - 2025-07-06 03:22:06 --> 27
ERROR - 2025-07-06 03:22:06 --> clienteeee
ERROR - 2025-07-06 03:22:06 --> SELECT * FROM creditos 
                WHERE cliente_id = 27 AND estado != 'eliminado'
ERROR - 2025-07-06 03:22:08 --> 27
ERROR - 2025-07-06 03:22:08 --> clienteeee
ERROR - 2025-07-06 03:22:08 --> SELECT * FROM creditos 
                WHERE cliente_id = 27 AND estado != 'eliminado'
ERROR - 2025-07-06 03:22:13 --> 27
ERROR - 2025-07-06 03:22:13 --> clienteeee
ERROR - 2025-07-06 03:22:13 --> SELECT * FROM creditos 
                WHERE cliente_id = 27 AND estado != 'eliminado'
ERROR - 2025-07-06 03:22:16 --> 27
ERROR - 2025-07-06 03:22:16 --> clienteeee
ERROR - 2025-07-06 03:22:16 --> SELECT * FROM creditos 
                WHERE cliente_id = 27 AND estado != 'eliminado'
