ERROR - 2025-07-16 16:43:54 --> 44
ERROR - 2025-07-16 16:43:54 --> clienteeee
ERROR - 2025-07-16 16:43:54 --> SELECT * FROM creditos 
                WHERE cliente_id = 44 AND estado != 'eliminado'
ERROR - 2025-07-16 16:43:56 --> SELECT * FROM transacciones 
                WHERE id_credito = "69"
ERROR - 2025-07-16 16:44:11 --> 44
ERROR - 2025-07-16 16:44:11 --> clienteeee
ERROR - 2025-07-16 16:44:11 --> SELECT * FROM creditos 
                WHERE cliente_id = 44 AND estado != 'eliminado'
ERROR - 2025-07-16 16:44:12 --> SELECT * FROM transacciones 
                WHERE id_credito = "69"
ERROR - 2025-07-16 16:44:14 --> SELECT * FROM transacciones 
                WHERE id_credito = "69"
ERROR - 2025-07-16 19:41:48 --> 44
ERROR - 2025-07-16 19:41:48 --> clienteeee
ERROR - 2025-07-16 19:41:48 --> SELECT * FROM creditos 
                WHERE cliente_id = 44 AND estado != 'eliminado'
ERROR - 2025-07-16 19:41:50 --> SELECT * FROM transacciones 
                WHERE id_credito = "69"
