ERROR - 2025-05-15 03:29:51 --> 20
ERROR - 2025-05-15 03:29:51 --> clienteeee
ERROR - 2025-05-15 03:29:51 --> SELECT * FROM creditos 
                WHERE cliente_id = 20  
ERROR - 2025-05-15 03:32:56 --> Cantidad de pagos: 7
ERROR - 2025-05-15 03:32:56 --> Fecha Pago: 2025-05-21
ERROR - 2025-05-15 03:32:56 --> Monto Pago antes de conversión: 1314000
ERROR - 2025-05-15 03:32:56 --> Monto Pago después de conversión: 1314000
ERROR - 2025-05-15 03:32:56 --> Fecha Pago: 2025-05-28
ERROR - 2025-05-15 03:32:56 --> Monto Pago antes de conversión: 1314000
ERROR - 2025-05-15 03:32:56 --> Monto Pago después de conversión: 1314000
ERROR - 2025-05-15 03:32:56 --> Fecha Pago: 2025-06-04
ERROR - 2025-05-15 03:32:56 --> Monto Pago antes de conversión: 1314000
ERROR - 2025-05-15 03:32:56 --> Monto Pago después de conversión: 1314000
ERROR - 2025-05-15 03:32:56 --> Fecha Pago: 2025-06-11
ERROR - 2025-05-15 03:32:56 --> Monto Pago antes de conversión: 1314000
ERROR - 2025-05-15 03:32:56 --> Monto Pago después de conversión: 1314000
ERROR - 2025-05-15 03:32:56 --> Fecha Pago: 2025-06-18
ERROR - 2025-05-15 03:32:56 --> Monto Pago antes de conversión: 1314000
ERROR - 2025-05-15 03:32:56 --> Monto Pago después de conversión: 1314000
ERROR - 2025-05-15 03:32:56 --> Fecha Pago: 2025-06-25
ERROR - 2025-05-15 03:32:56 --> Monto Pago antes de conversión: 1314000
ERROR - 2025-05-15 03:32:56 --> Monto Pago después de conversión: 1314000
ERROR - 2025-05-15 03:32:56 --> Fecha Pago: 2025-07-02
ERROR - 2025-05-15 03:32:56 --> Monto Pago antes de conversión: 1316000
ERROR - 2025-05-15 03:32:56 --> Monto Pago después de conversión: 1316000
ERROR - 2025-05-15 03:33:02 --> 20
ERROR - 2025-05-15 03:33:02 --> clienteeee
ERROR - 2025-05-15 03:33:02 --> SELECT * FROM creditos 
                WHERE cliente_id = 20  
ERROR - 2025-05-15 03:33:04 --> "31"
ERROR - 2025-05-15 03:33:04 --> clienteeee
ERROR - 2025-05-15 03:33:04 --> SELECT * FROM transacciones 
                WHERE id_credito = "31"
