ERROR - 2025-05-28 14:39:07 --> 23
ERROR - 2025-05-28 14:39:07 --> clienteeee
ERROR - 2025-05-28 14:39:08 --> SELECT * FROM creditos 
                WHERE cliente_id = 23 AND estado != 'eliminado'
ERROR - 2025-05-28 14:39:12 --> SELECT * FROM transacciones 
                WHERE id_credito = "34"
ERROR - 2025-05-28 14:39:18 --> SELECT * FROM transacciones 
                WHERE id_credito = "34"
ERROR - 2025-05-28 14:39:28 --> SELECT * FROM transacciones 
                WHERE id_credito = "34"
ERROR - 2025-05-28 14:40:02 --> Cantidad de pagos: 5
ERROR - 2025-05-28 14:40:02 --> Fecha Pago: 2025-06-04
ERROR - 2025-05-28 14:40:02 --> Monto Pago antes de conversión: 48000
ERROR - 2025-05-28 14:40:02 --> Monto Pago después de conversión: 48000
ERROR - 2025-05-28 14:40:02 --> Fecha Pago: 2025-06-11
ERROR - 2025-05-28 14:40:02 --> Monto Pago antes de conversión: 48000
ERROR - 2025-05-28 14:40:02 --> Monto Pago después de conversión: 48000
ERROR - 2025-05-28 14:40:02 --> Fecha Pago: 2025-06-18
ERROR - 2025-05-28 14:40:02 --> Monto Pago antes de conversión: 48000
ERROR - 2025-05-28 14:40:02 --> Monto Pago después de conversión: 48000
ERROR - 2025-05-28 14:40:02 --> Fecha Pago: 2025-06-25
ERROR - 2025-05-28 14:40:02 --> Monto Pago antes de conversión: 48000
ERROR - 2025-05-28 14:40:02 --> Monto Pago después de conversión: 48000
ERROR - 2025-05-28 14:40:02 --> Fecha Pago: 2025-07-02
ERROR - 2025-05-28 14:40:02 --> Monto Pago antes de conversión: 48000
ERROR - 2025-05-28 14:40:02 --> Monto Pago después de conversión: 48000
ERROR - 2025-05-28 14:40:09 --> 23
ERROR - 2025-05-28 14:40:09 --> clienteeee
ERROR - 2025-05-28 14:40:09 --> SELECT * FROM creditos 
                WHERE cliente_id = 23 AND estado != 'eliminado'
ERROR - 2025-05-28 14:40:10 --> SELECT * FROM transacciones 
                WHERE id_credito = "39"
ERROR - 2025-05-28 14:40:22 --> SELECT * FROM transacciones 
                WHERE id_credito = "39"
ERROR - 2025-05-28 14:40:33 --> SELECT * FROM transacciones 
                WHERE id_credito = "39"
